[DEBUG] [2023-08-28 @ 01:35:48] [Thread-0|PageScanner] Looking in: /home/marisag/Downloads/New Java Apps/jwrestling-client-0.08-release/lib
[DEBUG] [2023-08-28 @ 01:38:44] [Thread-0|PageScanner] Looking in: /home/marisag/Downloads/New Java Apps/jwrestling-client-0.08-release/lib
[DEBUG] [2023-08-28 @ 01:39:40] [Thread-7|Player] Player: marisag
Player contents:
Collection:
Decks:

[DEBUG] [2023-08-28 @ 01:39:40] [Thread-7|Player] Done!
[DEBUG] [2023-08-28 @ 01:40:27] [Thread-8|PageScanner] Looking in: /home/marisag/Downloads/New Java Apps/jwrestling-client-0.08-release/lib
[DEBUG] [2023-08-28 @ 01:40:57] [Thread-11|Player] Player: marisag
Player contents:
Collection:
Hip Toss-{First Edition=5}
Belly-To-Belly Suplex-{First Edition=5}
Clothesline Over the Ropes-{First Edition=5}
Back Suplex-{First Edition=10}
Small Package-{First Edition=5}
Figure Four Leg Lock-{First Edition=5}
Double Underhook Suplex-{First Edition=5}
Distract The Referee-{First Edition=5}
Back Elbow-{First Edition=5}
Chair Shot-{First Edition=5}
Knowledge-{First Edition=20}
Bulldog-{First Edition=5}
Huricarrana-{First Edition=5}
Punch-{First Edition=5}
Arm Drag Counter-{First Edition=5}
Power Bomb-{First Edition=5}
Agility-{First Edition=20}
Body Slam-{First Edition=5}
Flying Wheel Kick-{First Edition=5}
Drop Kick-{First Edition=5}
Turnbuckle Smash-{First Edition=5}
Dragon Sleeper-{First Edition=5}
Arm Stretch-{First Edition=5}
German Suplex-{First Edition=5}
2nd Rope Leg Drop-{First Edition=5}
Corner Barrage-{First Edition=5}
High Dive-{First Edition=5}
Dragon Suplex-{First Edition=5}
Knee Lift-{First Edition=5}
Spine Buster-{First Edition=5}
Drop Kick to the Floor-{First Edition=5}
Bear Hug-{First Edition=5}
Asai Moonsault-{First Edition=5}
Enzugiri-{First Edition=5}
Armbar-{First Edition=5}
Gut Wrench Suplex-{First Edition=5}
Technical-{First Edition=20}
Flat of the foot-{First Edition=5}
Camel Clutch-{First Edition=5}
Fisherman's Suplex-{First Edition=5}
Dodge-{First Edition=5}
Vertical Suplex-{First Edition=5}
El Loco-{First Edition=1}
Elbow Drop-{First Edition=5}
Choke on the Ropes-{First Edition=5}
La Pantera-{First Edition=1}
Mistery Warrior-{First Edition=1}
Headlock-{First Edition=5}
Clip-{First Edition=5}
Chair to the Back-{First Edition=10}
DDT-{First Edition=5}
Forearm Smash-{First Edition=5}
Elbow-{First Edition=5}
Back_Body_Drop-{First Edition=5}
Eye Rake-{First Edition=5}
Hammerlock-{First Edition=5}
Corner Charge-{First Edition=5}
Atomic Drop-{First Edition=10}
Elbow to the Back of the Head-{First Edition=5}
Strike-{First Edition=20}
Arm Drag Takedown-{First Edition=5}
Back Body Drop to Ringside-{First Edition=5}
The Giant-{First Edition=1}
Clothesline-{First Edition=5}
European Uppercut-{First Edition=5}
Duck-{First Edition=5}
Ear Clap-{First Edition=5}
Face Buster-{First Edition=5}
Moon Sault-{First Edition=5}
Double Leg Takedown-{First Edition=5}
Fireman's Carry-{First Edition=5}
Strength-{First Edition=20}
Fist Drop-{First Edition=5}
Decks:

[DEBUG] [2023-08-28 @ 01:40:57] [Thread-11|Player] Done!
[DEBUG] [2023-08-28 @ 01:41:04] [Thread-13|Player] Player: marisag
Player contents:
Collection:
Hip Toss-{First Edition=5}
Belly-To-Belly Suplex-{First Edition=5}
Clothesline Over the Ropes-{First Edition=5}
Back Suplex-{First Edition=10}
Small Package-{First Edition=5}
Figure Four Leg Lock-{First Edition=5}
Double Underhook Suplex-{First Edition=5}
Distract The Referee-{First Edition=5}
Back Elbow-{First Edition=5}
Chair Shot-{First Edition=5}
Knowledge-{First Edition=20}
Bulldog-{First Edition=5}
Huricarrana-{First Edition=5}
Punch-{First Edition=5}
Arm Drag Counter-{First Edition=5}
Power Bomb-{First Edition=5}
Agility-{First Edition=20}
Body Slam-{First Edition=5}
Flying Wheel Kick-{First Edition=5}
Drop Kick-{First Edition=5}
Turnbuckle Smash-{First Edition=5}
Dragon Sleeper-{First Edition=5}
Arm Stretch-{First Edition=5}
German Suplex-{First Edition=5}
2nd Rope Leg Drop-{First Edition=5}
Corner Barrage-{First Edition=5}
High Dive-{First Edition=5}
Dragon Suplex-{First Edition=5}
Knee Lift-{First Edition=5}
Spine Buster-{First Edition=5}
Drop Kick to the Floor-{First Edition=5}
Bear Hug-{First Edition=5}
Asai Moonsault-{First Edition=5}
Enzugiri-{First Edition=5}
Armbar-{First Edition=5}
Gut Wrench Suplex-{First Edition=5}
Technical-{First Edition=20}
Flat of the foot-{First Edition=5}
Camel Clutch-{First Edition=5}
Fisherman's Suplex-{First Edition=5}
Dodge-{First Edition=5}
Vertical Suplex-{First Edition=5}
El Loco-{First Edition=1}
Elbow Drop-{First Edition=5}
Choke on the Ropes-{First Edition=5}
La Pantera-{First Edition=1}
Mistery Warrior-{First Edition=1}
Headlock-{First Edition=5}
Clip-{First Edition=5}
Chair to the Back-{First Edition=10}
DDT-{First Edition=5}
Forearm Smash-{First Edition=5}
Elbow-{First Edition=5}
Back_Body_Drop-{First Edition=5}
Eye Rake-{First Edition=5}
Hammerlock-{First Edition=5}
Corner Charge-{First Edition=5}
Atomic Drop-{First Edition=10}
Elbow to the Back of the Head-{First Edition=5}
Strike-{First Edition=20}
Arm Drag Takedown-{First Edition=5}
Back Body Drop to Ringside-{First Edition=5}
The Giant-{First Edition=1}
Clothesline-{First Edition=5}
European Uppercut-{First Edition=5}
Duck-{First Edition=5}
Ear Clap-{First Edition=5}
Face Buster-{First Edition=5}
Moon Sault-{First Edition=5}
Double Leg Takedown-{First Edition=5}
Fireman's Carry-{First Edition=5}
Strength-{First Edition=20}
Fist Drop-{First Edition=5}
Decks:

[DEBUG] [2023-08-28 @ 01:41:04] [Thread-13|Player] Done!
[DEBUG] [2023-08-28 @ 02:13:43] [Thread-0|PageScanner] Looking in: /home/marisag/Downloads/New Java Apps/jwrestling-client-0.08-release/lib
[DEBUG] [2023-09-04 @ 20:15:01] [Thread-0|PageScanner] Looking in: /home/marisag/Downloads/New Java Apps/jwrestling-client-0.08-release/lib
[DEBUG] [2023-09-04 @ 20:31:17] [Thread-0|PageScanner] Looking in: /home/marisag/Downloads/New Java Apps/jwrestling/lib
